14:52:19 **** Incremental Build of configuration Debug for project string ****
Info: Internal Builder is used for build
gcc -O0 -g3 -Wall -c -fmessage-length=0 -o sqstring.o "..\\sqstring.c" 
..\sqstring.c: In function 'replace':
..\sqstring.c:116:8: warning: unused variable 'm' [-Wunused-variable]
  int k,m;
        ^
..\sqstring.c: In function 'main':
..\sqstring.c:194:8: warning: unused variable 'c1' [-Wunused-variable]
  char *c1 = "world";
        ^~
..\sqstring.c:192:20: warning: unused variable 's4' [-Wunused-variable]
  string s1,s2,s,s3,s4,t;
                    ^~
..\sqstring.c:192:17: warning: unused variable 's3' [-Wunused-variable]
  string s1,s2,s,s3,s4,t;
                 ^~
..\sqstring.c:191:6: warning: unused variable 'len' [-Wunused-variable]
  int len = 0;
      ^~~
gcc -o string.exe sqstring.o 

14:52:20 Build Finished. 0 errors, 5 warnings. (took 588ms)

